2026-06-19 20:15:52,068 [INFO] crypto_bi_pipeline.main: =========================================
2026-06-19 20:15:52,069 [INFO] crypto_bi_pipeline.main: 🚀 STARTING CRYPTO BI ETL PIPELINE RUN 🚀
2026-06-19 20:15:52,072 [INFO] crypto_bi_pipeline.main: =========================================
2026-06-19 20:15:52,073 [INFO] crypto_bi_pipeline.main: --- Stage 1/3: Extracting raw market data ---
2026-06-19 20:15:52,074 [INFO] crypto_bi_pipeline.extract: Starting data extraction from CoinGecko API...
2026-06-19 20:15:52,074 [INFO] crypto_bi_pipeline.extract: Sending GET request to https://api.coingecko.com/api/v3/coins/markets (Attempt 1/3)...
2026-06-19 20:15:53,068 [INFO] crypto_bi_pipeline.extract: Successfully extracted 100 records. Saved raw data to C:\Users\saiki\OneDrive\Documents\BI-Project\crypto-bi-etl-project\data\raw\markets_snapshot_20260619_201553.json
2026-06-19 20:15:53,086 [INFO] crypto_bi_pipeline.main: --- Stage 2/3: Transforming raw data ---
2026-06-19 20:15:53,090 [INFO] crypto_bi_pipeline.transform: Starting transformation of raw file: C:\Users\saiki\OneDrive\Documents\BI-Project\crypto-bi-etl-project\data\raw\markets_snapshot_20260619_201553.json
2026-06-19 20:15:53,341 [INFO] crypto_bi_pipeline.transform: Successfully transformed data. Saved processed data to C:\Users\saiki\OneDrive\Documents\BI-Project\crypto-bi-etl-project\data\processed\markets_processed_20260619_201553.csv
2026-06-19 20:15:53,350 [INFO] crypto_bi_pipeline.main: --- Stage 3/3: Loading data to database ---
2026-06-19 20:15:53,353 [INFO] crypto_bi_pipeline.load: Loading data from processed file: C:\Users\saiki\OneDrive\Documents\BI-Project\crypto-bi-etl-project\data\processed\markets_processed_20260619_201553.csv
2026-06-19 20:15:58,224 [ERROR] crypto_bi_pipeline.load: Error checking/creating MySQL database: (pymysql.err.OperationalError) (2003, "Can't connect to MySQL server on '127.0.0.1' ([WinError 10061] No connection could be made because the target machine actively refused it)")
(Background on this error at: https://sqlalche.me/e/20/e3q8)
2026-06-19 20:15:58,235 [ERROR] crypto_bi_pipeline.main: =========================================
2026-06-19 20:15:58,235 [ERROR] crypto_bi_pipeline.main: ❌ ETL PIPELINE FAILED (STAGE: LOADING) ❌
2026-06-19 20:15:58,236 [ERROR] crypto_bi_pipeline.main: Duration: 6.16 seconds
2026-06-19 20:15:58,236 [ERROR] crypto_bi_pipeline.main: =========================================
2026-06-19 20:16:00,289 [ERROR] crypto_bi_pipeline.load: Failed to write to etl_run_log table: (pymysql.err.OperationalError) (2003, "Can't connect to MySQL server on '127.0.0.1' ([WinError 10061] No connection could be made because the target machine actively refused it)")
(Background on this error at: https://sqlalche.me/e/20/e3q8)
2026-06-19 20:16:00,313 [ERROR] crypto_bi_pipeline.main: 
=========================================
🚨 PIPELINE FAILURE ALERT [MADSC301 BI]
Timestamp: 2026-06-19 20:16:00
Stage: LOADING
Error Details: (pymysql.err.OperationalError) (2003, "Can't connect to MySQL server on '127.0.0.1' ([WinError 10061] No connection could be made because the target machine actively refused it)")
(Background on this error at: https://sqlalche.me/e/20/e3q8)
=========================================

2026-06-19 20:32:51,490 [INFO] crypto_bi_pipeline.main: =========================================
2026-06-19 20:32:51,499 [INFO] crypto_bi_pipeline.main: 🚀 STARTING CRYPTO BI ETL PIPELINE RUN 🚀
2026-06-19 20:32:51,501 [INFO] crypto_bi_pipeline.main: =========================================
2026-06-19 20:32:51,502 [INFO] crypto_bi_pipeline.main: --- Stage 1/3: Extracting raw market data ---
2026-06-19 20:32:51,503 [INFO] crypto_bi_pipeline.extract: Starting data extraction from CoinGecko API...
2026-06-19 20:32:51,503 [INFO] crypto_bi_pipeline.extract: Sending GET request to https://api.coingecko.com/api/v3/coins/markets (Attempt 1/3)...
2026-06-19 20:32:52,234 [INFO] crypto_bi_pipeline.extract: Successfully extracted 100 records. Saved raw data to C:\Users\saiki\OneDrive\Documents\BI-Project\crypto-bi-etl-project\data\raw\markets_snapshot_20260619_203252.json
2026-06-19 20:32:52,256 [INFO] crypto_bi_pipeline.main: --- Stage 2/3: Transforming raw data ---
2026-06-19 20:32:52,256 [INFO] crypto_bi_pipeline.transform: Starting transformation of raw file: C:\Users\saiki\OneDrive\Documents\BI-Project\crypto-bi-etl-project\data\raw\markets_snapshot_20260619_203252.json
2026-06-19 20:32:52,352 [INFO] crypto_bi_pipeline.transform: Successfully transformed data. Saved processed data to C:\Users\saiki\OneDrive\Documents\BI-Project\crypto-bi-etl-project\data\processed\markets_processed_20260619_203252.csv
2026-06-19 20:32:52,352 [INFO] crypto_bi_pipeline.main: --- Stage 3/3: Loading data to database ---
2026-06-19 20:32:52,353 [INFO] crypto_bi_pipeline.load: Loading data from processed file: C:\Users\saiki\OneDrive\Documents\BI-Project\crypto-bi-etl-project\data\processed\markets_processed_20260619_203252.csv
2026-06-19 20:32:52,633 [INFO] crypto_bi_pipeline.load: Database 'crypto_bi_db' verified or created in MySQL.
2026-06-19 20:32:52,750 [INFO] crypto_bi_pipeline.load: Database tables created successfully (if they didn't exist).
2026-06-19 20:32:52,831 [INFO] crypto_bi_pipeline.load: Successfully loaded 100 rows into database.
2026-06-19 20:32:52,892 [INFO] crypto_bi_pipeline.load: ETL run log saved. Status=SUCCESS, Loaded=100
2026-06-19 20:32:52,893 [INFO] crypto_bi_pipeline.main: =========================================
2026-06-19 20:32:52,894 [INFO] crypto_bi_pipeline.main: 🎉 ETL PIPELINE COMPLETE (SUCCESS) 🎉
2026-06-19 20:32:52,895 [INFO] crypto_bi_pipeline.main: Duration: 1.40 seconds
2026-06-19 20:32:52,895 [INFO] crypto_bi_pipeline.main: Rows Extracted: 100 | Rows Loaded: 100
2026-06-19 20:32:52,896 [INFO] crypto_bi_pipeline.main: =========================================
2026-06-19 20:39:29,699 [INFO] crypto_bi_pipeline.ml_model: Running ml_model.py standalone...
2026-06-19 20:39:29,703 [INFO] crypto_bi_pipeline.ml_model: Starting Machine Learning model training process...
2026-06-19 20:39:29,704 [INFO] crypto_bi_pipeline.ml_model: Gathering data from 6 files...
2026-06-19 20:39:29,922 [INFO] crypto_bi_pipeline.ml_model: Model Training Complete. Test Accuracy: 0.8000
2026-06-19 20:39:29,922 [INFO] crypto_bi_pipeline.ml_model: Classification Report:
2026-06-19 20:39:29,929 [INFO] crypto_bi_pipeline.ml_model: 
              precision    recall  f1-score   support

        Down       1.00      0.33      0.50         9
     Neutral       0.82      1.00      0.90         9
          Up       0.77      0.91      0.83        22

    accuracy                           0.80        40
   macro avg       0.86      0.75      0.74        40
weighted avg       0.83      0.80      0.77        40

2026-06-19 20:39:29,937 [INFO] crypto_bi_pipeline.ml_model: Saved model to C:\Users\saiki\OneDrive\Documents\BI-Project\crypto-bi-etl-project\models\price_direction_rf.pkl and scaler to C:\Users\saiki\OneDrive\Documents\BI-Project\crypto-bi-etl-project\models\scaler.pkl
2026-06-19 21:35:42,578 [INFO] crypto_bi_pipeline.main: =========================================
2026-06-19 21:35:42,580 [INFO] crypto_bi_pipeline.main: 🚀 STARTING CRYPTO BI ETL PIPELINE RUN 🚀
2026-06-19 21:35:42,582 [INFO] crypto_bi_pipeline.main: =========================================
2026-06-19 21:35:42,583 [INFO] crypto_bi_pipeline.main: --- Stage 1/3: Extracting raw market data ---
2026-06-19 21:35:42,583 [INFO] crypto_bi_pipeline.extract: Starting data extraction from CoinGecko API...
2026-06-19 21:35:42,583 [INFO] crypto_bi_pipeline.extract: Sending GET request to https://api.coingecko.com/api/v3/coins/markets (Attempt 1/3)...
2026-06-19 21:35:43,079 [INFO] crypto_bi_pipeline.extract: Successfully extracted 100 records. Saved raw data to C:\Users\saiki\OneDrive\Documents\BI-Project\crypto-bi-etl-project\data\raw\markets_snapshot_20260619_213543.json
2026-06-19 21:35:43,099 [INFO] crypto_bi_pipeline.main: --- Stage 2/3: Transforming raw data ---
2026-06-19 21:35:43,100 [INFO] crypto_bi_pipeline.transform: Starting transformation of raw file: C:\Users\saiki\OneDrive\Documents\BI-Project\crypto-bi-etl-project\data\raw\markets_snapshot_20260619_213543.json
2026-06-19 21:35:43,145 [INFO] crypto_bi_pipeline.transform: Successfully transformed data. Saved processed data to C:\Users\saiki\OneDrive\Documents\BI-Project\crypto-bi-etl-project\data\processed\markets_processed_20260619_213543.csv
2026-06-19 21:35:43,145 [INFO] crypto_bi_pipeline.main: --- Stage 3/3: Loading data to database ---
2026-06-19 21:35:43,146 [INFO] crypto_bi_pipeline.load: Loading data from processed file: C:\Users\saiki\OneDrive\Documents\BI-Project\crypto-bi-etl-project\data\processed\markets_processed_20260619_213543.csv
2026-06-19 21:35:43,761 [INFO] crypto_bi_pipeline.load: Database 'crypto_bi_db' verified or created in MySQL.
2026-06-19 21:35:43,877 [INFO] crypto_bi_pipeline.load: Database tables created successfully (if they didn't exist).
2026-06-19 21:35:44,005 [INFO] crypto_bi_pipeline.load: Successfully loaded 100 rows into database.
2026-06-19 21:35:44,042 [INFO] crypto_bi_pipeline.load: ETL run log saved. Status=SUCCESS, Loaded=100
2026-06-19 21:35:44,043 [INFO] crypto_bi_pipeline.main: =========================================
2026-06-19 21:35:44,043 [INFO] crypto_bi_pipeline.main: 🎉 ETL PIPELINE COMPLETE (SUCCESS) 🎉
2026-06-19 21:35:44,044 [INFO] crypto_bi_pipeline.main: Duration: 1.46 seconds
2026-06-19 21:35:44,044 [INFO] crypto_bi_pipeline.main: Rows Extracted: 100 | Rows Loaded: 100
2026-06-19 21:35:44,044 [INFO] crypto_bi_pipeline.main: =========================================
2026-06-20 20:58:46,493 [INFO] crypto_bi_pipeline.main: =========================================
2026-06-20 20:58:46,496 [INFO] crypto_bi_pipeline.main: 🚀 STARTING CRYPTO BI ETL PIPELINE RUN 🚀
2026-06-20 20:58:46,497 [INFO] crypto_bi_pipeline.main: =========================================
2026-06-20 20:58:46,498 [INFO] crypto_bi_pipeline.main: --- Stage 1/3: Extracting raw market data ---
2026-06-20 20:58:46,498 [INFO] crypto_bi_pipeline.extract: Starting data extraction from CoinGecko API...
2026-06-20 20:58:46,499 [INFO] crypto_bi_pipeline.extract: Sending GET request to https://api.coingecko.com/api/v3/coins/markets (Attempt 1/3)...
2026-06-20 20:58:47,341 [INFO] crypto_bi_pipeline.extract: Successfully extracted 100 records. Saved raw data to C:\Users\saiki\OneDrive\Documents\BI-Project\crypto-bi-etl-project\data\raw\markets_snapshot_20260620_205847.json
2026-06-20 20:58:47,364 [INFO] crypto_bi_pipeline.main: --- Stage 2/3: Transforming raw data ---
2026-06-20 20:58:47,365 [INFO] crypto_bi_pipeline.transform: Starting transformation of raw file: C:\Users\saiki\OneDrive\Documents\BI-Project\crypto-bi-etl-project\data\raw\markets_snapshot_20260620_205847.json
2026-06-20 20:58:47,467 [INFO] crypto_bi_pipeline.transform: Successfully transformed data. Saved processed data to C:\Users\saiki\OneDrive\Documents\BI-Project\crypto-bi-etl-project\data\processed\markets_processed_20260620_205847.csv
2026-06-20 20:58:47,470 [INFO] crypto_bi_pipeline.main: --- Stage 3/3: Loading data to database ---
2026-06-20 20:58:47,472 [INFO] crypto_bi_pipeline.load: Loading data from processed file: C:\Users\saiki\OneDrive\Documents\BI-Project\crypto-bi-etl-project\data\processed\markets_processed_20260620_205847.csv
2026-06-20 20:58:48,085 [INFO] crypto_bi_pipeline.load: Database 'crypto_bi_db' verified or created in MySQL.
2026-06-20 20:58:48,220 [INFO] crypto_bi_pipeline.load: Database tables created successfully (if they didn't exist).
2026-06-20 20:58:48,335 [INFO] crypto_bi_pipeline.load: Successfully loaded 100 rows into database.
2026-06-20 20:58:48,385 [INFO] crypto_bi_pipeline.load: ETL run log saved. Status=SUCCESS, Loaded=100
2026-06-20 20:58:48,385 [INFO] crypto_bi_pipeline.main: =========================================
2026-06-20 20:58:48,386 [INFO] crypto_bi_pipeline.main: 🎉 ETL PIPELINE COMPLETE (SUCCESS) 🎉
2026-06-20 20:58:48,386 [INFO] crypto_bi_pipeline.main: Duration: 1.89 seconds
2026-06-20 20:58:48,387 [INFO] crypto_bi_pipeline.main: Rows Extracted: 100 | Rows Loaded: 100
2026-06-20 20:58:48,387 [INFO] crypto_bi_pipeline.main: =========================================
2026-06-20 21:00:48,621 [INFO] crypto_bi_pipeline.main: =========================================
2026-06-20 21:00:48,622 [INFO] crypto_bi_pipeline.main: 🚀 STARTING CRYPTO BI ETL PIPELINE RUN 🚀
2026-06-20 21:00:48,624 [INFO] crypto_bi_pipeline.main: =========================================
2026-06-20 21:00:48,625 [INFO] crypto_bi_pipeline.main: --- Stage 1/3: Extracting raw market data ---
2026-06-20 21:00:48,625 [INFO] crypto_bi_pipeline.extract: Starting data extraction from CoinGecko API...
2026-06-20 21:00:48,625 [INFO] crypto_bi_pipeline.extract: Sending GET request to https://api.coingecko.com/api/v3/coins/markets (Attempt 1/3)...
2026-06-20 21:00:49,417 [INFO] crypto_bi_pipeline.extract: Successfully extracted 100 records. Saved raw data to C:\Users\saiki\OneDrive\Documents\BI-Project\crypto-bi-etl-project\data\raw\markets_snapshot_20260620_210049.json
2026-06-20 21:00:49,435 [INFO] crypto_bi_pipeline.main: --- Stage 2/3: Transforming raw data ---
2026-06-20 21:00:49,436 [INFO] crypto_bi_pipeline.transform: Starting transformation of raw file: C:\Users\saiki\OneDrive\Documents\BI-Project\crypto-bi-etl-project\data\raw\markets_snapshot_20260620_210049.json
2026-06-20 21:00:49,464 [INFO] crypto_bi_pipeline.transform: Successfully transformed data. Saved processed data to C:\Users\saiki\OneDrive\Documents\BI-Project\crypto-bi-etl-project\data\processed\markets_processed_20260620_210049.csv
2026-06-20 21:00:49,465 [INFO] crypto_bi_pipeline.main: --- Stage 3/3: Loading data to database ---
2026-06-20 21:00:49,465 [INFO] crypto_bi_pipeline.load: Loading data from processed file: C:\Users\saiki\OneDrive\Documents\BI-Project\crypto-bi-etl-project\data\processed\markets_processed_20260620_210049.csv
2026-06-20 21:00:49,579 [INFO] crypto_bi_pipeline.load: Database 'crypto_bi_db' verified or created in MySQL.
2026-06-20 21:00:49,626 [INFO] crypto_bi_pipeline.load: Database tables created successfully (if they didn't exist).
2026-06-20 21:00:49,707 [INFO] crypto_bi_pipeline.load: Successfully loaded 100 rows into database.
2026-06-20 21:00:49,753 [INFO] crypto_bi_pipeline.load: ETL run log saved. Status=SUCCESS, Loaded=100
2026-06-20 21:00:49,753 [INFO] crypto_bi_pipeline.main: =========================================
2026-06-20 21:00:49,754 [INFO] crypto_bi_pipeline.main: 🎉 ETL PIPELINE COMPLETE (SUCCESS) 🎉
2026-06-20 21:00:49,754 [INFO] crypto_bi_pipeline.main: Duration: 1.13 seconds
2026-06-20 21:00:49,755 [INFO] crypto_bi_pipeline.main: Rows Extracted: 100 | Rows Loaded: 100
2026-06-20 21:00:49,756 [INFO] crypto_bi_pipeline.main: =========================================
